android/app/build/intermediates/manifest_merge_blame_file/release/manifest-merger-blame-release-report.txt
1<?xml version="1.0" encoding="utf-8"?>
2<manifest xmlns:android="http://schemas.android.com/apk/res/android"
3    package="com.apporientaunb"
4    android:versionCode="1"
5    android:versionName="1.0" >
6
7    <uses-sdk
8        android:minSdkVersion="16"
8-->src\main\AndroidManifest.xml
9        android:targetSdkVersion="29" />
9-->src\main\AndroidManifest.xml
10
11    <uses-permission android:name="android.permission.INTERNET" />
11-->src\main\AndroidManifest.xml:4:5-67
11-->src\main\AndroidManifest.xml:4:22-64
12    <uses-permission android:name="android.permission.CAMERA" />
12-->src\main\AndroidManifest.xml:5:5-64
12-->src\main\AndroidManifest.xml:5:22-62
13
14    <application
14-->src\main\AndroidManifest.xml:8:5-29:19
15        android:name="com.apporientaunb.MainApplication"
15-->src\main\AndroidManifest.xml:10:7-38
16        android:allowBackup="false"
16-->src\main\AndroidManifest.xml:14:7-34
17        android:appComponentFactory="androidx.core.app.CoreComponentFactory"
17-->[androidx.core:core:1.1.0] AndroidManifest.xml:24:18-86
18        android:extractNativeLibs="true"
18-->src\main\AndroidManifest.xml:15:7-39
19        android:icon="@mipmap/ic_launcher"
19-->src\main\AndroidManifest.xml:12:7-41
20        android:label="@string/app_name"
20-->src\main\AndroidManifest.xml:11:7-39
21        android:networkSecurityConfig="@xml/network_security_config"
21-->src\main\AndroidManifest.xml:9:7-67
22        android:roundIcon="@mipmap/ic_launcher_round"
22-->src\main\AndroidManifest.xml:13:7-52
23        android:theme="@style/AppTheme" >
23-->src\main\AndroidManifest.xml:16:7-38
24        <activity
24-->src\main\AndroidManifest.xml:17:7-27:18
25            android:name="com.apporientaunb.MainActivity"
25-->src\main\AndroidManifest.xml:18:9-37
26            android:configChanges="keyboard|keyboardHidden|orientation|screenSize|uiMode"
26-->src\main\AndroidManifest.xml:20:9-86
27            android:label="@string/app_name"
27-->src\main\AndroidManifest.xml:19:9-41
28            android:launchMode="singleTask"
28-->src\main\AndroidManifest.xml:21:9-40
29            android:windowSoftInputMode="adjustResize" >
29-->src\main\AndroidManifest.xml:22:9-51
30            <intent-filter>
30-->src\main\AndroidManifest.xml:23:9-26:25
31                <action android:name="android.intent.action.MAIN" />
31-->src\main\AndroidManifest.xml:24:13-65
31-->src\main\AndroidManifest.xml:24:21-62
32
33                <category android:name="android.intent.category.LAUNCHER" />
33-->src\main\AndroidManifest.xml:25:13-73
33-->src\main\AndroidManifest.xml:25:23-70
34            </intent-filter>
35        </activity>
36        <activity android:name="com.facebook.react.devsupport.DevSettingsActivity" />
36-->src\main\AndroidManifest.xml:28:7-84
36-->src\main\AndroidManifest.xml:28:17-81
37
38        <provider
38-->[:react-native-image-picker] AndroidManifest.xml:10:9-18:20
39            android:name="com.imagepicker.FileProvider"
39-->[:react-native-image-picker] AndroidManifest.xml:11:13-56
40            android:authorities="com.apporientaunb.provider"
40-->[:react-native-image-picker] AndroidManifest.xml:12:13-60
41            android:exported="false"
41-->[:react-native-image-picker] AndroidManifest.xml:13:13-37
42            android:grantUriPermissions="true" >
42-->[:react-native-image-picker] AndroidManifest.xml:14:13-47
43            <meta-data
43-->[:react-native-image-picker] AndroidManifest.xml:15:13-17:58
44                android:name="android.support.FILE_PROVIDER_PATHS"
44-->[:react-native-image-picker] AndroidManifest.xml:16:17-67
45                android:resource="@xml/provider_paths" />
45-->[:react-native-image-picker] AndroidManifest.xml:17:17-55
46        </provider>
47    </application>
48
49</manifest>